[org.jetbrains.kotlin.gradle.tasks.testing] [KOTLIN] TCSM: ##teamcity[blockOpened name='JavaScript Unit Tests' flowId='%s']
[org.jetbrains.kotlin.gradle.tasks.testing] [KOTLIN] TCSM: ##teamcity[message text='01 04 2024:INFO |[karma-server|]: Karma v6.4.2 server started at http://localhost:9876/' type='INFO']
[org.jetbrains.kotlin.gradle.tasks.testing] [KOTLIN] TCSM: ##teamcity[message text='01 04 2024:INFO |[launcher|]: Launching browsers ChromeHeadless with concurrency unlimited' type='INFO']
[org.jetbrains.kotlin.gradle.tasks.testing] [KOTLIN] TCSM: ##teamcity[message text='01 04 2024:INFO |[launcher|]: Starting browser ChromeHeadless' type='INFO']
[org.jetbrains.kotlin.gradle.tasks.testing] [KOTLIN] TCSM: ##teamcity[message text='01 04 2024:INFO |[Chrome Headless 123.0.6312.87 (Mac OS 10.15.7)|]: Connected on socket with id 1' type='INFO']
[org.jetbrains.kotlin.gradle.tasks.testing] [KOTLIN] TCSM: ##teamcity[testSuiteStarted name='nestable async (via JS/Mocha/transformed).Chrome Headless 123.0.6312.87 (Mac OS 10.15.7)' flowId='karmaTC-197179531948718148']
[org.jetbrains.kotlin.gradle.tasks.testing] [KOTLIN] TCSM: ##teamcity[testStarted name='nestable async (via JS/Mocha/transformed)' captureStandardOutput='true' flowId='karmaTC-197179531948718148']
[org.jetbrains.kotlin.gradle.tasks.testing] [KOTLIN] TCSM: ##teamcity[testSuiteStarted name='container' flowId='n1']
[org.jetbrains.kotlin.gradle.tasks.testing] Error while processing test process output message "##teamcity[testSuiteStarted name='nestable async (via JS/Mocha/transformed).Chrome Headless 123.0.6312.87 (Mac OS 10.15.7)' flowId='karmaTC-197179531948718148']
##teamcity[testStarted name='nestable async (via JS/Mocha/transformed)' captureStandardOutput='true' flowId='karmaTC-197179531948718148']
##teamcity[testSuiteStarted name='container' flowId='n1']
##teamcity[testStarted name='should pass' captureStandardOutput='true' flowId='n2']
##teamcity[testFinished name='should pass' duration='2' flowId='n2']
##teamcity[testSuiteFinished name='container' flowId='n1']
##teamcity[testStarted name='should fail' captureStandardOutput='true' flowId='n3']
##teamcity[testFailed name='should fail' message='AssertionError: this is a failure' details='(details)' flowId='n3']
##teamcity[testFinished name='should fail' duration='2' flowId='n3']
##teamcity[testFinished name='nestable async (via JS/Mocha/transformed)' duration='3010' flowId='karmaTC-197179531948718148']
##teamcity[testSuiteFinished name='nestable async (via JS/Mocha/transformed).Chrome Headless 123.0.6312.87 (Mac OS 10.15.7)' duration='%s' flowId='karmaTC-197179531948718148']
##teamcity[blockClosed name='JavaScript Unit Tests' flowId='%s']"
